<?xml version="1.0" encoding="UTF-8"?>
<!-- Generated by org.testng.reporters.JUnitXMLReporter -->
<testsuite ignored="0" hostname="LAPTOP-TAJ90AO2" failures="0" tests="4" name="Default test" time="69.041" errors="0" timestamp="2023-04-19T10:24:13 IST">
  <testcase classname="excel.excelproj" name="LoginUsingJXL" time="14.622"/>
  <testcase classname="excel.excelproj" name="LoginUsingJXL" time="20.99"/>
  <testcase classname="excel.excelproj" name="LoginUsingJXL" time="19.63"/>
  <testcase classname="excel.excelproj" name="LoginUsingJXL" time="13.539"/>
</testsuite> <!-- Default test -->
