<?xml version="1.0" encoding="UTF-8"?>
<testng-results ignored="0" total="4" passed="4" failed="0" skipped="0">
  <reporter-output>
  </reporter-output>
  <suite started-at="2023-04-19T10:23:04 IST" name="Default suite" finished-at="2023-04-19T10:24:13 IST" duration-ms="69041">
    <groups>
    </groups>
    <test started-at="2023-04-19T10:23:04 IST" name="Default test" finished-at="2023-04-19T10:24:13 IST" duration-ms="69041">
      <class name="excel.excelproj">
        <test-method signature="LoginUsingJXL(java.lang.String,java.lang.String)[pri:0, instance:excel.excelproj@e350b40]" started-at="2023-04-19T10:23:04 IST" name="LoginUsingJXL" data-provider="datapro" finished-at="2023-04-19T10:23:19 IST" duration-ms="14622" status="PASS">
          <params>
            <param index="0">
              <value>
                <![CDATA[Admin]]>
              </value>
            </param>
            <param index="1">
              <value>
                <![CDATA[admin123]]>
              </value>
            </param>
          </params>
          <reporter-output>
          </reporter-output>
        </test-method> <!-- LoginUsingJXL -->
        <test-method signature="LoginUsingJXL(java.lang.String,java.lang.String)[pri:0, instance:excel.excelproj@e350b40]" started-at="2023-04-19T10:23:19 IST" name="LoginUsingJXL" data-provider="datapro" finished-at="2023-04-19T10:23:40 IST" duration-ms="20990" status="PASS">
          <params>
            <param index="0">
              <value>
                <![CDATA[Adm]]>
              </value>
            </param>
            <param index="1">
              <value>
                <![CDATA[admin123]]>
              </value>
            </param>
          </params>
          <reporter-output>
          </reporter-output>
        </test-method> <!-- LoginUsingJXL -->
        <test-method signature="LoginUsingJXL(java.lang.String,java.lang.String)[pri:0, instance:excel.excelproj@e350b40]" started-at="2023-04-19T10:23:40 IST" name="LoginUsingJXL" data-provider="datapro" finished-at="2023-04-19T10:24:00 IST" duration-ms="19630" status="PASS">
          <params>
            <param index="0">
              <value>
                <![CDATA[Admin]]>
              </value>
            </param>
            <param index="1">
              <value>
                <![CDATA[admin1]]>
              </value>
            </param>
          </params>
          <reporter-output>
          </reporter-output>
        </test-method> <!-- LoginUsingJXL -->
        <test-method signature="LoginUsingJXL(java.lang.String,java.lang.String)[pri:0, instance:excel.excelproj@e350b40]" started-at="2023-04-19T10:24:00 IST" name="LoginUsingJXL" data-provider="datapro" finished-at="2023-04-19T10:24:13 IST" duration-ms="13539" status="PASS">
          <params>
            <param index="0">
              <value>
                <![CDATA[adm]]>
              </value>
            </param>
            <param index="1">
              <value>
                <![CDATA[admin1]]>
              </value>
            </param>
          </params>
          <reporter-output>
          </reporter-output>
        </test-method> <!-- LoginUsingJXL -->
      </class> <!-- excel.excelproj -->
    </test> <!-- Default test -->
  </suite> <!-- Default suite -->
</testng-results>
